dipalzaandroid/build/intermediates/manifest_merge_blame_file/release/manifest-merger-blame-release-report.txt
1<?xml version="1.0" encoding="utf-8"?>
2<manifest xmlns:android="http://schemas.android.com/apk/res/android"
3    package="cl.eos.dipalza.cl.eos"
4    android:versionCode="1"
5    android:versionName="DIP-1" >
6
7    <uses-sdk
8        android:minSdkVersion="29"
8-->src/main/AndroidManifest.xml
9        android:targetSdkVersion="29" />
9-->src/main/AndroidManifest.xml
10
11    <uses-permission android:name="android.permission.INTERNET" />
11-->src/main/AndroidManifest.xml:6:5-67
11-->src/main/AndroidManifest.xml:6:22-64
12    <uses-permission android:name="android.permission.ACCESS_NETWORK_STATE" />
12-->src/main/AndroidManifest.xml:7:5-79
12-->src/main/AndroidManifest.xml:7:22-76
13    <uses-permission android:name="android.permission.ACCESS_WIFI_STATE" />
13-->src/main/AndroidManifest.xml:8:5-76
13-->src/main/AndroidManifest.xml:8:22-73
14    <uses-permission android:name="android.permission.VIBRATE" />
14-->src/main/AndroidManifest.xml:9:5-66
14-->src/main/AndroidManifest.xml:9:22-63
15    <uses-permission android:name="android.permission.ACCESS_FINE_LOCATION" />
15-->src/main/AndroidManifest.xml:10:5-79
15-->src/main/AndroidManifest.xml:10:22-76
16    <uses-permission android:name="android.permission.ACCESS_COARSE_LOCATION" />
16-->src/main/AndroidManifest.xml:11:5-81
16-->src/main/AndroidManifest.xml:11:22-78
17    <uses-permission android:name="android.permission.ACCESS_BACKGROUND_LOCATION" />
17-->src/main/AndroidManifest.xml:12:5-85
17-->src/main/AndroidManifest.xml:12:22-82
18    <uses-permission android:name="android.permission.RECEIVE_BOOT_COMPLETED" />
18-->src/main/AndroidManifest.xml:13:5-81
18-->src/main/AndroidManifest.xml:13:22-78
19    <uses-permission android:name="android.permission.WAKE_LOCK" />
19-->src/main/AndroidManifest.xml:14:5-68
19-->src/main/AndroidManifest.xml:14:22-65
20
21    <application
21-->src/main/AndroidManifest.xml:16:5-102:19
22        android:name="cl.eos.dipalza.DipalzaApplication"
22-->src/main/AndroidManifest.xml:17:9-42
23        android:allowBackup="true"
23-->src/main/AndroidManifest.xml:18:9-35
24        android:appComponentFactory="androidx.core.app.CoreComponentFactory"
24-->[androidx.core:core:1.0.0] AndroidManifest.xml:22:18-86
25        android:icon="@drawable/ic_launcher"
25-->src/main/AndroidManifest.xml:19:9-45
26        android:installLocation="internalOnly"
26-->src/main/AndroidManifest.xml:20:9-47
27        android:label="@string/app_name"
27-->src/main/AndroidManifest.xml:21:9-41
28        android:theme="@style/Theme.D1"
28-->src/main/AndroidManifest.xml:22:9-40
29        android:usesCleartextTraffic="true" >
29-->src/main/AndroidManifest.xml:23:9-44
30        <receiver
30-->src/main/AndroidManifest.xml:25:9-28:38
31            android:name="cl.eos.dipalza.AlarmReceiver"
31-->src/main/AndroidManifest.xml:26:13-42
32            android:enabled="true"
32-->src/main/AndroidManifest.xml:27:13-35
33            android:exported="true" />
33-->src/main/AndroidManifest.xml:28:13-36
34        <!--
35        <receiver
36            android:name=".DipalzaReceiver"
37            android:enabled="true"
38            android:exported="true">
39            <intent-filter>
40                <action android:name="android.intent.action.BOOT_COMPLETED" />
41            </intent-filter>
42        </receiver>
43        -->
44        <activity
44-->src/main/AndroidManifest.xml:39:9-51:20
45            android:name="cl.eos.dipalza.MainDipalza"
45-->src/main/AndroidManifest.xml:40:13-40
46            android:configChanges="keyboard|keyboardHidden|orientation"
46-->src/main/AndroidManifest.xml:41:13-72
47            android:icon="@drawable/ic_launcher"
47-->src/main/AndroidManifest.xml:42:13-49
48            android:label="Ventas"
48-->src/main/AndroidManifest.xml:43:13-35
49            android:launchMode="standard"
49-->src/main/AndroidManifest.xml:44:13-42
50            android:screenOrientation="portrait" >
50-->src/main/AndroidManifest.xml:45:13-49
51            <intent-filter>
51-->src/main/AndroidManifest.xml:46:13-50:29
52                <action android:name="android.intent.action.MAIN" />
52-->src/main/AndroidManifest.xml:47:17-69
52-->src/main/AndroidManifest.xml:47:25-66
53
54                <category android:name="android.intent.category.LAUNCHER" />
54-->src/main/AndroidManifest.xml:49:17-77
54-->src/main/AndroidManifest.xml:49:27-74
55            </intent-filter>
56        </activity>
57        <activity
57-->src/main/AndroidManifest.xml:52:9-56:47
58            android:name="cl.eos.dipalza.Clientes"
58-->src/main/AndroidManifest.xml:53:13-37
59            android:configChanges="keyboard|keyboardHidden|orientation"
59-->src/main/AndroidManifest.xml:54:13-72
60            android:label="Clientes"
60-->src/main/AndroidManifest.xml:55:13-37
61            android:theme="@style/Theme.D1" />
61-->src/main/AndroidManifest.xml:56:13-44
62        <activity
62-->src/main/AndroidManifest.xml:57:9-61:47
63            android:name="cl.eos.dipalza.VentaEncabezado"
63-->src/main/AndroidManifest.xml:58:13-44
64            android:configChanges="keyboard|keyboardHidden|orientation"
64-->src/main/AndroidManifest.xml:59:13-72
65            android:label="Venta"
65-->src/main/AndroidManifest.xml:60:13-34
66            android:theme="@style/Theme.D1" />
66-->src/main/AndroidManifest.xml:61:13-44
67        <activity
67-->src/main/AndroidManifest.xml:62:9-66:47
68            android:name="cl.eos.dipalza.VentaDetalle"
68-->src/main/AndroidManifest.xml:63:13-41
69            android:configChanges="keyboard|keyboardHidden|orientation"
69-->src/main/AndroidManifest.xml:64:13-72
70            android:label="Detalle Venta"
70-->src/main/AndroidManifest.xml:65:13-42
71            android:theme="@style/Theme.D1" />
71-->src/main/AndroidManifest.xml:66:13-44
72        <activity
72-->src/main/AndroidManifest.xml:67:9-71:47
73            android:name="cl.eos.dipalza.Productos"
73-->src/main/AndroidManifest.xml:68:13-38
74            android:configChanges="keyboard|keyboardHidden|orientation"
74-->src/main/AndroidManifest.xml:69:13-72
75            android:label="Productos"
75-->src/main/AndroidManifest.xml:70:13-38
76            android:theme="@style/Theme.D1" />
76-->src/main/AndroidManifest.xml:71:13-44
77        <activity
77-->src/main/AndroidManifest.xml:72:9-76:47
78            android:name="cl.eos.dipalza.ActivityConfiguracion"
78-->src/main/AndroidManifest.xml:73:13-50
79            android:configChanges="keyboard|keyboardHidden|orientation"
79-->src/main/AndroidManifest.xml:74:13-72
80            android:label="Configuración"
80-->src/main/AndroidManifest.xml:75:13-42
81            android:theme="@style/Theme.D1" />
81-->src/main/AndroidManifest.xml:76:13-44
82        <activity
82-->src/main/AndroidManifest.xml:77:9-81:47
83            android:name="cl.eos.dipalza.VentaRegistros"
83-->src/main/AndroidManifest.xml:78:13-43
84            android:configChanges="keyboard|keyboardHidden|orientation"
84-->src/main/AndroidManifest.xml:79:13-72
85            android:label="Ventas"
85-->src/main/AndroidManifest.xml:80:13-35
86            android:theme="@style/Theme.D1" />
86-->src/main/AndroidManifest.xml:81:13-44
87        <activity
87-->src/main/AndroidManifest.xml:82:9-86:47
88            android:name="cl.eos.dipalza.EnviarVentas"
88-->src/main/AndroidManifest.xml:83:13-41
89            android:configChanges="keyboard|keyboardHidden|orientation"
89-->src/main/AndroidManifest.xml:84:13-72
90            android:label="Transmisión"
90-->src/main/AndroidManifest.xml:85:13-40
91            android:theme="@style/Theme.D1" />
91-->src/main/AndroidManifest.xml:86:13-44
92        <activity
92-->src/main/AndroidManifest.xml:87:9-91:47
93            android:name="cl.eos.dipalza.RecepcionCP"
93-->src/main/AndroidManifest.xml:88:13-40
94            android:configChanges="keyboard|keyboardHidden|orientation"
94-->src/main/AndroidManifest.xml:89:13-72
95            android:label="Recepción"
95-->src/main/AndroidManifest.xml:90:13-38
96            android:theme="@style/Theme.D1" />
96-->src/main/AndroidManifest.xml:91:13-44
97        <activity
97-->src/main/AndroidManifest.xml:92:9-96:47
98            android:name="cl.eos.dipalza.VentasResumen"
98-->src/main/AndroidManifest.xml:93:13-42
99            android:configChanges="keyboard|keyboardHidden|orientation"
99-->src/main/AndroidManifest.xml:94:13-72
100            android:label="Resumen Ventas"
100-->src/main/AndroidManifest.xml:95:13-43
101            android:theme="@style/Theme.D1" />
101-->src/main/AndroidManifest.xml:96:13-44
102        <activity
102-->src/main/AndroidManifest.xml:97:9-101:47
103            android:name="cl.eos.dipalza.AboutActivity"
103-->src/main/AndroidManifest.xml:98:13-42
104            android:configChanges="keyboard|keyboardHidden|orientation"
104-->src/main/AndroidManifest.xml:99:13-72
105            android:label="Acerca De"
105-->src/main/AndroidManifest.xml:100:13-38
106            android:theme="@style/Theme.D1" />
106-->src/main/AndroidManifest.xml:101:13-44
107        <activity
107-->[com.google.android.gms:play-services-base:17.0.0] AndroidManifest.xml:23:9-26:75
108            android:name="com.google.android.gms.common.api.GoogleApiActivity"
108-->[com.google.android.gms:play-services-base:17.0.0] AndroidManifest.xml:24:13-79
109            android:exported="false"
109-->[com.google.android.gms:play-services-base:17.0.0] AndroidManifest.xml:25:13-37
110            android:theme="@android:style/Theme.Translucent.NoTitleBar" />
110-->[com.google.android.gms:play-services-base:17.0.0] AndroidManifest.xml:26:13-72
111
112        <meta-data
112-->[com.google.android.gms:play-services-basement:17.0.0] AndroidManifest.xml:23:9-25:69
113            android:name="com.google.android.gms.version"
113-->[com.google.android.gms:play-services-basement:17.0.0] AndroidManifest.xml:24:13-58
114            android:value="@integer/google_play_services_version" />
114-->[com.google.android.gms:play-services-basement:17.0.0] AndroidManifest.xml:25:13-66
115    </application>
116
117</manifest>